\BOOKMARK [0][-]{chapter.1}{Probability Theories}{}% 1
\BOOKMARK [1][-]{section.1.1}{Slutsky's Theorem}{chapter.1}% 2
\BOOKMARK [1][-]{section.1.2}{others}{chapter.1}% 3
\BOOKMARK [0][-]{chapter.2}{Brownian Motion related}{}% 4
\BOOKMARK [0][-]{chapter.3}{M- and Z- estimators}{}% 5
\BOOKMARK [0][-]{chapter.4}{Random walks and Renewal Theory}{}% 6
\BOOKMARK [0][-]{chapter.5}{Applications in Finance}{}% 7
\BOOKMARK [1][-]{section.5.1}{Option Picing}{chapter.5}% 8
\BOOKMARK [1][-]{section.5.2}{OHLC data}{chapter.5}% 9
\BOOKMARK [0][-]{chapter.6}{Semimartingales and stochastic integrals}{}% 10
\BOOKMARK [1][-]{section.6.1}{local martingale}{chapter.6}% 11
\BOOKMARK [2][-]{subsection.6.1.1}{intro.}{section.6.1}% 12
\BOOKMARK [2][-]{subsection.6.1.2}{defi.}{section.6.1}% 13
\BOOKMARK [2][-]{subsection.6.1.3}{e.g.}{section.6.1}% 14
\BOOKMARK [1][-]{section.6.2}{semimartingales}{chapter.6}% 15
\BOOKMARK [0][-]{chapter.7}{Financial Terminologies}{}% 16
\BOOKMARK [1][-]{section.7.1}{spillover effect}{chapter.7}% 17
\BOOKMARK [1][-]{section.7.2}{leverage effect}{chapter.7}% 18
\BOOKMARK [0][-]{chapter.8}{Test for non-randomness}{}% 19
\BOOKMARK [0][-]{chapter.9}{High-dimensional data analysis }{}% 20
\BOOKMARK [0][-]{chapter.10}{A point process with interactive marks}{}% 21
\BOOKMARK [0][-]{chapter.11}{Estimating theory}{}% 22
